# JRE version: Java(TM) SE Runtime Environment (21.0.6+8) (build 21.0.6+8-LTS-188)
# Java VM: Java HotSpot(TM) 64-Bit Server VM (21.0.6+8-LTS-188, mixed mode, sharing, tiered, compressed oops, compressed class ptrs, g1 gc, windows-amd64)
GC Precious Log:
 CardTable entry size: 512
 Card Set container configuration: InlinePtr #cards 4 size 8 Array Of Cards #cards 32 size 80 Howl #buckets 8 coarsen threshold 7372 Howl Bitmap #cards 1024 size 144 coarsen threshold 921 Card regions per heap region 1 cards per card region 8192
 CPUs: 20 total, 20 available
 Memory: 32452M
 Large Page Support: Disabled
 NUMA Support: Disabled
 Compressed Oops: Enabled (Zero based)
 Heap Region Size: 4M
 Heap Min Capacity: 8M
 Heap Initial Capacity: 508M
 Heap Max Capacity: 8116M
 Pre-touch: Disabled
 Parallel Workers: 15
 Concurrent Workers: 4
 Concurrent Refinement Workers: 15
 Periodic GC: Disabled
Heap:
 garbage-first heap   total 81920K, used 47037K [0x0000000604c00000, 0x0000000800000000)
  region size 4096K, 9 young (36864K), 1 survivors (4096K)
 Metaspace       used 42153K, committed 42688K, reserved 1114112K
  class space    used 4749K, committed 4992K, reserved 1048576K
GC Heap History (12 events):
Event: 0.567 GC heap before
{Heap before GC invocations=0 (full 0):
 garbage-first heap   total 520192K, used 24576K [0x0000000604c00000, 0x0000000800000000)
  region size 4096K, 6 young (24576K), 0 survivors (0K)
 Metaspace       used 5895K, committed 6144K, reserved 1114112K
  class space    used 647K, committed 768K, reserved 1048576K
}
Event: 0.571 GC heap after
{Heap after GC invocations=1 (full 0):
 garbage-first heap   total 520192K, used 4794K [0x0000000604c00000, 0x0000000800000000)
  region size 4096K, 1 young (4096K), 1 survivors (4096K)
 Metaspace       used 5895K, committed 6144K, reserved 1114112K
  class space    used 647K, committed 768K, reserved 1048576K
}
Event: 0.994 GC heap before
{Heap before GC invocations=1 (full 0):
 garbage-first heap   total 520192K, used 33466K [0x0000000604c00000, 0x0000000800000000)
  region size 4096K, 8 young (32768K), 1 survivors (4096K)
 Metaspace       used 12361K, committed 12672K, reserved 1114112K
  class space    used 1444K, committed 1600K, reserved 1048576K
}
Event: 0.997 GC heap after
{Heap after GC invocations=2 (full 0):
 garbage-first heap   total 520192K, used 7541K [0x0000000604c00000, 0x0000000800000000)
  region size 4096K, 1 young (4096K), 1 survivors (4096K)
 Metaspace       used 12361K, committed 12672K, reserved 1114112K
  class space    used 1444K, committed 1600K, reserved 1048576K
}
Event: 1.779 GC heap before
{Heap before GC invocations=2 (full 0):
 garbage-first heap   total 520192K, used 56693K [0x0000000604c00000, 0x0000000800000000)
  region size 4096K, 14 young (57344K), 1 survivors (4096K)
 Metaspace       used 21239K, committed 21504K, reserved 1114112K
  class space    used 2558K, committed 2688K, reserved 1048576K
}
Event: 1.782 GC heap after
{Heap after GC invocations=3 (full 0):
 garbage-first heap   total 520192K, used 11904K [0x0000000604c00000, 0x0000000800000000)
  region size 4096K, 2 young (8192K), 2 survivors (8192K)
 Metaspace       used 21239K, committed 21504K, reserved 1114112K
  class space    used 2558K, committed 2688K, reserved 1048576K
}
Event: 2.740 GC heap before
{Heap before GC invocations=4 (full 0):
 garbage-first heap   total 69632K, used 65152K [0x0000000604c00000, 0x0000000800000000)
  region size 4096K, 15 young (61440K), 2 survivors (8192K)
 Metaspace       used 29880K, committed 30464K, reserved 1114112K
  class space    used 3625K, committed 3904K, reserved 1048576K
}
Event: 2.745 GC heap after
{Heap after GC invocations=5 (full 0):
 garbage-first heap   total 81920K, used 16313K [0x0000000604c00000, 0x0000000800000000)
  region size 4096K, 3 young (12288K), 3 survivors (12288K)
 Metaspace       used 29880K, committed 30464K, reserved 1114112K
  class space    used 3625K, committed 3904K, reserved 1048576K
}
Event: 8.268 GC heap before
{Heap before GC invocations=5 (full 0):
 garbage-first heap   total 81920K, used 44985K [0x0000000604c00000, 0x0000000800000000)
  region size 4096K, 11 young (45056K), 3 survivors (12288K)
 Metaspace       used 35419K, committed 35968K, reserved 1114112K
  class space    used 4215K, committed 4480K, reserved 1048576K
}
Event: 8.272 GC heap after
{Heap after GC invocations=6 (full 0):
 garbage-first heap   total 81920K, used 19006K [0x0000000604c00000, 0x0000000800000000)
  region size 4096K, 1 young (4096K), 1 survivors (4096K)
 Metaspace       used 35419K, committed 35968K, reserved 1114112K
  class space    used 4215K, committed 4480K, reserved 1048576K
}
Event: 8.281 GC heap before
{Heap before GC invocations=6 (full 0):
 garbage-first heap   total 81920K, used 19006K [0x0000000604c00000, 0x0000000800000000)
  region size 4096K, 2 young (8192K), 1 survivors (4096K)
 Metaspace       used 35751K, committed 36288K, reserved 1114112K
  class space    used 4226K, committed 4480K, reserved 1048576K
}
Event: 8.282 GC heap after
{Heap after GC invocations=7 (full 0):
 garbage-first heap   total 81920K, used 18365K [0x0000000604c00000, 0x0000000800000000)
  region size 4096K, 1 young (4096K), 1 survivors (4096K)
 Metaspace       used 35751K, committed 36288K, reserved 1114112K
  class space    used 4226K, committed 4480K, reserved 1048576K
}

