# JRE version: Java(TM) SE Runtime Environment (21.0.6+8) (build 21.0.6+8-LTS-188)
# Java VM: Java HotSpot(TM) 64-Bit Server VM (21.0.6+8-LTS-188, mixed mode, sharing, tiered, compressed oops, compressed class ptrs, g1 gc, windows-amd64)
GC Precious Log:
 CardTable entry size: 512
 Card Set container configuration: InlinePtr #cards 4 size 8 Array Of Cards #cards 32 size 80 Howl #buckets 8 coarsen threshold 7372 Howl Bitmap #cards 1024 size 144 coarsen threshold 921 Card regions per heap region 1 cards per card region 8192
 CPUs: 20 total, 20 available
 Memory: 32452M
 Large Page Support: Disabled
 NUMA Support: Disabled
 Compressed Oops: Enabled (Zero based)
 Heap Region Size: 4M
 Heap Min Capacity: 8M
 Heap Initial Capacity: 508M
 Heap Max Capacity: 8116M
 Pre-touch: Disabled
 Parallel Workers: 15
 Concurrent Workers: 4
 Concurrent Refinement Workers: 15
 Periodic GC: Disabled
Heap:
 garbage-first heap   total 81920K, used 42713K [0x0000000604c00000, 0x0000000800000000)
  region size 4096K, 8 young (32768K), 1 survivors (4096K)
 Metaspace       used 41872K, committed 42496K, reserved 1114112K
  class space    used 4715K, committed 4992K, reserved 1048576K
GC Heap History (12 events):
Event: 0.545 GC heap before
{Heap before GC invocations=0 (full 0):
 garbage-first heap   total 520192K, used 20480K [0x0000000604c00000, 0x0000000800000000)
  region size 4096K, 6 young (24576K), 0 survivors (0K)
 Metaspace       used 5714K, committed 5888K, reserved 1114112K
  class space    used 627K, committed 704K, reserved 1048576K
}
Event: 0.549 GC heap after
{Heap after GC invocations=1 (full 0):
 garbage-first heap   total 520192K, used 4854K [0x0000000604c00000, 0x0000000800000000)
  region size 4096K, 1 young (4096K), 1 survivors (4096K)
 Metaspace       used 5714K, committed 5888K, reserved 1114112K
  class space    used 627K, committed 704K, reserved 1048576K
}
Event: 0.934 GC heap before
{Heap before GC invocations=1 (full 0):
 garbage-first heap   total 520192K, used 29430K [0x0000000604c00000, 0x0000000800000000)
  region size 4096K, 7 young (28672K), 1 survivors (4096K)
 Metaspace       used 11242K, committed 11520K, reserved 1114112K
  class space    used 1323K, committed 1472K, reserved 1048576K
}
Event: 0.936 GC heap after
{Heap after GC invocations=2 (full 0):
 garbage-first heap   total 520192K, used 7002K [0x0000000604c00000, 0x0000000800000000)
  region size 4096K, 1 young (4096K), 1 survivors (4096K)
 Metaspace       used 11242K, committed 11520K, reserved 1114112K
  class space    used 1323K, committed 1472K, reserved 1048576K
}
Event: 1.777 GC heap before
{Heap before GC invocations=2 (full 0):
 garbage-first heap   total 520192K, used 60250K [0x0000000604c00000, 0x0000000800000000)
  region size 4096K, 15 young (61440K), 1 survivors (4096K)
 Metaspace       used 21228K, committed 21504K, reserved 1114112K
  class space    used 2557K, committed 2688K, reserved 1048576K
}
Event: 1.781 GC heap after
{Heap after GC invocations=3 (full 0):
 garbage-first heap   total 520192K, used 11762K [0x0000000604c00000, 0x0000000800000000)
  region size 4096K, 2 young (8192K), 2 survivors (8192K)
 Metaspace       used 21228K, committed 21504K, reserved 1114112K
  class space    used 2557K, committed 2688K, reserved 1048576K
}
Event: 2.711 GC heap before
{Heap before GC invocations=4 (full 0):
 garbage-first heap   total 69632K, used 65010K [0x0000000604c00000, 0x0000000800000000)
  region size 4096K, 15 young (61440K), 2 survivors (8192K)
 Metaspace       used 29886K, committed 30464K, reserved 1114112K
  class space    used 3625K, committed 3904K, reserved 1048576K
}
Event: 2.716 GC heap after
{Heap after GC invocations=5 (full 0):
 garbage-first heap   total 81920K, used 16241K [0x0000000604c00000, 0x0000000800000000)
  region size 4096K, 3 young (12288K), 3 survivors (12288K)
 Metaspace       used 29886K, committed 30464K, reserved 1114112K
  class space    used 3625K, committed 3904K, reserved 1048576K
}
Event: 10.882 GC heap before
{Heap before GC invocations=5 (full 0):
 garbage-first heap   total 81920K, used 40817K [0x0000000604c00000, 0x0000000800000000)
  region size 4096K, 11 young (45056K), 3 survivors (12288K)
 Metaspace       used 35429K, committed 35968K, reserved 1114112K
  class space    used 4215K, committed 4480K, reserved 1048576K
}
Event: 10.887 GC heap after
{Heap after GC invocations=6 (full 0):
 garbage-first heap   total 81920K, used 18983K [0x0000000604c00000, 0x0000000800000000)
  region size 4096K, 1 young (4096K), 1 survivors (4096K)
 Metaspace       used 35429K, committed 35968K, reserved 1114112K
  class space    used 4215K, committed 4480K, reserved 1048576K
}
Event: 10.898 GC heap before
{Heap before GC invocations=6 (full 0):
 garbage-first heap   total 81920K, used 18983K [0x0000000604c00000, 0x0000000800000000)
  region size 4096K, 2 young (8192K), 1 survivors (4096K)
 Metaspace       used 35763K, committed 36288K, reserved 1114112K
  class space    used 4229K, committed 4480K, reserved 1048576K
}
Event: 10.900 GC heap after
{Heap after GC invocations=7 (full 0):
 garbage-first heap   total 81920K, used 18137K [0x0000000604c00000, 0x0000000800000000)
  region size 4096K, 1 young (4096K), 1 survivors (4096K)
 Metaspace       used 35763K, committed 36288K, reserved 1114112K
  class space    used 4229K, committed 4480K, reserved 1048576K
}

